[08/26/2022 12:05:47] Debug: Session id: 8d92a2c6-4e42-4148-962d-45ac52e1948f
[08/26/2022 12:05:47] Debug: Code Processor information: Name :SnowConvert, Version: 7.11.102.0
[08/26/2022 12:05:48] Debug: Getting license
[08/26/2022 12:05:48] Debug: License information
	Status: Failed
	Message: No active license available.
[08/26/2022 12:05:48] Info: Starting to validate parameters
[08/26/2022 12:05:48] Info: Parameters to validate: 
	Execution mode: Conversion
	LICENSE_KEY: a3372138-b87e-4a08-b929-3b48b24c63f1
[08/26/2022 12:05:48] Info: Validation of parameters: Success
[08/26/2022 12:05:48] Debug: Getting code descriptor
[08/26/2022 12:05:48] Debug: Code descriptor information
	Units: 51
	Units type: LOC
	All file bytes: 2141
	All found extensions: .sql,.dml,.ddl,.bteq,.btq,.fl,.fload,.ml,.mload,.mld,.tp,.tpump,.tpt
[08/26/2022 12:05:48] Debug: Calculating fingerprint
[08/26/2022 12:05:48] Debug: Fingerprint information Fingerprint(size=2141,projects=1)
[08/26/2022 12:05:48] Info: Starting to try to validate online license for execution
[08/26/2022 12:05:49] Debug: Getting license
[08/26/2022 12:05:49] Debug: License information
	Status: Failed
	Message: No active license available.
[08/26/2022 12:05:49] Debug: Starting the execution of the controller
[08/26/2022 12:05:50] Debug: Executing the worker: SnowConvert
[08/26/2022 12:06:02] Debug: Finished executing the worker: SnowConvert
[08/26/2022 12:06:04] Info: Controller execution ended
